f:\onedrive\coding\simplereminder\simplereminder\x64\debug\moc_searchengine.obj
f:\onedrive\coding\simplereminder\simplereminder\x64\debug\moc_simplereminder.obj
f:\onedrive\coding\simplereminder\simplereminder\x64\debug\moc_perioddialog.obj
f:\onedrive\coding\simplereminder\simplereminder\x64\debug\qrc_simplereminder.obj
f:\onedrive\coding\simplereminder\simplereminder\x64\debug\perioddialog.obj
f:\onedrive\coding\simplereminder\simplereminder\x64\debug\meta.obj
f:\onedrive\coding\simplereminder\simplereminder\x64\debug\main.obj
f:\onedrive\coding\simplereminder\simplereminder\x64\debug\simplereminder.obj
f:\onedrive\coding\simplereminder\simplereminder\x64\debug\searchengine.obj
f:\onedrive\coding\simplereminder\simplereminder\x64\debug\moc_login.obj
f:\onedrive\coding\simplereminder\simplereminder\x64\debug\login.obj
f:\onedrive\coding\simplereminder\simplereminder\x64\debug\vc142.pdb
f:\onedrive\coding\simplereminder\simplereminder\x64\debug\showinfo.obj
f:\onedrive\coding\simplereminder\simplereminder\x64\debug\moc_showinfo.obj
f:\onedrive\coding\simplereminder\x64\debug\simplereminder.exe
f:\onedrive\coding\simplereminder\x64\debug\simplereminder.ilk
f:\onedrive\coding\simplereminder\x64\debug\simplereminder.pdb
f:\onedrive\coding\simplereminder\simplereminder\x64\debug\moc\moc_showinfo.cpp
f:\onedrive\coding\simplereminder\simplereminder\x64\debug\simplereminder.res
f:\onedrive\coding\simplereminder\simplereminder\x64\debug\rcc\qrc_simplereminder.cpp
f:\onedrive\coding\simplereminder\simplereminder\x64\debug\uic\ui_perioddialog.h
f:\onedrive\coding\simplereminder\simplereminder\x64\debug\uic\ui_searchengine.h
f:\onedrive\coding\simplereminder\simplereminder\x64\debug\uic\ui_simplereminder.h
f:\onedrive\coding\simplereminder\simplereminder\x64\debug\moc\moc_simplereminder.cpp
f:\onedrive\coding\simplereminder\simplereminder\x64\debug\moc\moc_searchengine.cpp
f:\onedrive\coding\simplereminder\simplereminder\x64\debug\moc\moc_perioddialog.cpp
f:\onedrive\coding\simplereminder\simplereminder\x64\debug\uic\ui_login.h
f:\onedrive\coding\simplereminder\simplereminder\x64\debug\moc\moc_login.cpp
f:\onedrive\coding\simplereminder\simplereminder\x64\debug\uic\ui_showinfo.h
f:\onedrive\coding\simplereminder\simplereminder\x64\debug\simplereminder.tlog\cl.command.1.tlog
f:\onedrive\coding\simplereminder\simplereminder\x64\debug\simplereminder.tlog\cl.read.1.tlog
f:\onedrive\coding\simplereminder\simplereminder\x64\debug\simplereminder.tlog\cl.write.1.tlog
f:\onedrive\coding\simplereminder\simplereminder\x64\debug\simplereminder.tlog\link.command.1.tlog
f:\onedrive\coding\simplereminder\simplereminder\x64\debug\simplereminder.tlog\link.read.1.tlog
f:\onedrive\coding\simplereminder\simplereminder\x64\debug\simplereminder.tlog\link.write.1.tlog
f:\onedrive\coding\simplereminder\simplereminder\x64\debug\simplereminder.tlog\moc.read.1u.tlog
f:\onedrive\coding\simplereminder\simplereminder\x64\debug\simplereminder.tlog\moc.write.1u.tlog
f:\onedrive\coding\simplereminder\simplereminder\x64\debug\simplereminder.tlog\rc.command.1.tlog
f:\onedrive\coding\simplereminder\simplereminder\x64\debug\simplereminder.tlog\rc.read.1.tlog
f:\onedrive\coding\simplereminder\simplereminder\x64\debug\simplereminder.tlog\rc.write.1.tlog
f:\onedrive\coding\simplereminder\simplereminder\x64\debug\simplereminder.tlog\rcc.read.1u.tlog
f:\onedrive\coding\simplereminder\simplereminder\x64\debug\simplereminder.tlog\rcc.write.1u.tlog
f:\onedrive\coding\simplereminder\simplereminder\x64\debug\simplereminder.tlog\simplereminder.write.1u.tlog
f:\onedrive\coding\simplereminder\simplereminder\x64\debug\simplereminder.tlog\uic.read.1u.tlog
f:\onedrive\coding\simplereminder\simplereminder\x64\debug\simplereminder.tlog\uic.write.1u.tlog
