f:\onedrive\coding\simplereminder\simplereminder\x64\release\perioddialog.obj
f:\onedrive\coding\simplereminder\simplereminder\x64\release\main.obj
f:\onedrive\coding\simplereminder\simplereminder\x64\release\simplereminder.obj
f:\onedrive\coding\simplereminder\simplereminder\x64\release\moc_perioddialog.obj
f:\onedrive\coding\simplereminder\simplereminder\x64\release\moc_simplereminder.obj
f:\onedrive\coding\simplereminder\simplereminder\x64\release\qrc_simplereminder.obj
f:\onedrive\coding\simplereminder\simplereminder\x64\release\meta.obj
f:\onedrive\coding\simplereminder\x64\release\simplereminder.exe
f:\onedrive\coding\simplereminder\x64\release\simplereminder.ilk
f:\onedrive\coding\simplereminder\x64\release\simplereminder.pdb
f:\onedrive\coding\simplereminder\simplereminder\x64\release\moc\moc_simplereminder.cpp
f:\onedrive\coding\simplereminder\simplereminder\x64\release\simplereminder.res
f:\onedrive\coding\simplereminder\simplereminder\x64\release\rcc\qrc_simplereminder.cpp
f:\onedrive\coding\simplereminder\simplereminder\x64\release\uic\ui_perioddialog.h
f:\onedrive\coding\simplereminder\simplereminder\x64\release\uic\ui_simplereminder.h
f:\onedrive\coding\simplereminder\simplereminder\x64\release\moc\moc_perioddialog.cpp
f:\onedrive\coding\simplereminder\simplereminder\x64\release\simplereminder.tlog\cl.command.1.tlog
f:\onedrive\coding\simplereminder\simplereminder\x64\release\simplereminder.tlog\cl.read.1.tlog
f:\onedrive\coding\simplereminder\simplereminder\x64\release\simplereminder.tlog\cl.write.1.tlog
f:\onedrive\coding\simplereminder\simplereminder\x64\release\simplereminder.tlog\link.command.1.tlog
f:\onedrive\coding\simplereminder\simplereminder\x64\release\simplereminder.tlog\link.read.1.tlog
f:\onedrive\coding\simplereminder\simplereminder\x64\release\simplereminder.tlog\link.write.1.tlog
f:\onedrive\coding\simplereminder\simplereminder\x64\release\simplereminder.tlog\moc.read.1u.tlog
f:\onedrive\coding\simplereminder\simplereminder\x64\release\simplereminder.tlog\moc.write.1u.tlog
f:\onedrive\coding\simplereminder\simplereminder\x64\release\simplereminder.tlog\rc.command.1.tlog
f:\onedrive\coding\simplereminder\simplereminder\x64\release\simplereminder.tlog\rc.read.1.tlog
f:\onedrive\coding\simplereminder\simplereminder\x64\release\simplereminder.tlog\rc.write.1.tlog
f:\onedrive\coding\simplereminder\simplereminder\x64\release\simplereminder.tlog\rcc.read.1u.tlog
f:\onedrive\coding\simplereminder\simplereminder\x64\release\simplereminder.tlog\rcc.write.1u.tlog
f:\onedrive\coding\simplereminder\simplereminder\x64\release\simplereminder.tlog\simplereminder.write.1u.tlog
f:\onedrive\coding\simplereminder\simplereminder\x64\release\simplereminder.tlog\uic.read.1u.tlog
f:\onedrive\coding\simplereminder\simplereminder\x64\release\simplereminder.tlog\uic.write.1u.tlog
